<?xml version="1.0" encoding="UTF-8"?>
<!-- Generated by org.testng.reporters.JUnitXMLReporter -->
<testsuite hostname="DESKTOP-R2KE26K" ignored="1" name="Default test" tests="1" failures="0" timestamp="2020-11-28T14:12:54 IST" time="2.522" errors="0">
  <testcase name="verifyAddProductWithPostRequest" time="2.047" classname="com.bestBuy.test.ProductTest"/>
  <testcase name="verifyGetProductApiWithBDDStyle" time="0.0" classname="com.bestBuy.test.ProductTest">
    <ignored/>
  </testcase> <!-- verifyGetProductApiWithBDDStyle -->
</testsuite> <!-- Default test -->
