<?xml version="1.0" encoding="UTF-8"?>
<testng-results skipped="0" failed="0" ignored="1" total="2" passed="1">
  <reporter-output>
  </reporter-output>
  <suite name="Default suite" duration-ms="2522" started-at="2020-11-28T14:12:52 IST" finished-at="2020-11-28T14:12:54 IST">
    <groups>
    </groups>
    <test name="Default test" duration-ms="2522" started-at="2020-11-28T14:12:52 IST" finished-at="2020-11-28T14:12:54 IST">
      <class name="com.bestBuy.test.ProductTest">
        <test-method status="PASS" signature="preSetup()[pri:0, instance:com.bestBuy.test.ProductTest@4493d195]" name="preSetup" is-config="true" duration-ms="10" started-at="2020-11-28T14:12:52 IST" finished-at="2020-11-28T14:12:52 IST">
          <reporter-output>
          </reporter-output>
        </test-method> <!-- preSetup -->
        <test-method status="PASS" signature="setup()[pri:0, instance:com.bestBuy.test.ProductTest@4493d195]" name="setup" is-config="true" duration-ms="436" started-at="2020-11-28T14:12:52 IST" finished-at="2020-11-28T14:12:52 IST">
          <reporter-output>
          </reporter-output>
        </test-method> <!-- setup -->
        <test-method status="PASS" signature="verifyAddProductWithPostRequest()[pri:0, instance:com.bestBuy.test.ProductTest@4493d195]" name="verifyAddProductWithPostRequest" duration-ms="2047" started-at="2020-11-28T14:12:52 IST" finished-at="2020-11-28T14:12:54 IST">
          <reporter-output>
          </reporter-output>
        </test-method> <!-- verifyAddProductWithPostRequest -->
        <test-method status="PASS" signature="cleanup()[pri:0, instance:com.bestBuy.test.ProductTest@4493d195]" name="cleanup" is-config="true" duration-ms="1" started-at="2020-11-28T14:12:54 IST" finished-at="2020-11-28T14:12:54 IST">
          <reporter-output>
          </reporter-output>
        </test-method> <!-- cleanup -->
      </class> <!-- com.bestBuy.test.ProductTest -->
    </test> <!-- Default test -->
  </suite> <!-- Default suite -->
</testng-results>
